<?xml version="1.0" encoding="UTF-8"?>
<!-- Generated by org.testng.reporters.JUnitReportReporter -->
<testsuite hostname="AMMI-PC" name="com.crm.test.Login" tests="2" failures="0" timestamp="7 Oct 2018 07:57:38 GMT" time="0.051" errors="0">
  <testcase name="UpdateAccount" time="0.002" classname="com.crm.test.Login"/>
  <testcase name="CreateAccount" time="0.049" classname="com.crm.test.Login"/>
</testsuite> <!-- com.crm.test.Login -->
